{"/Users/apple/labs/WEB/articles_frontend/src/index.jsx": {"path":"/Users/apple/labs/WEB/articles_frontend/src/index.jsx","statementMap":{"0":{"start":{"line":6,"column":0},"end":{"line":6,"column":46}},"1":{"start":{"line":8,"column":18},"end":{"line":8,"column":49}},"2":{"start":{"line":9,"column":13},"end":{"line":9,"column":43}},"3":{"start":{"line":11,"column":0},"end":{"line":11,"column":21}}},"fnMap":{},"branchMap":{},"s":{"0":0,"1":0,"2":0,"3":0},"f":{},"b":{}}
,"/Users/apple/labs/WEB/articles_frontend/src/toast.js": {"path":"/Users/apple/labs/WEB/articles_frontend/src/toast.js","statementMap":{"0":{"start":{"line":3,"column":18},"end":{"line":12,"column":1}},"1":{"start":{"line":3,"column":29},"end":{"line":12,"column":1}},"2":{"start":{"line":6,"column":24},"end":{"line":6,"column":57}}},"fnMap":{"0":{"name":"(anonymous_0)","decl":{"start":{"line":3,"column":18},"end":{"line":3,"column":19}},"loc":{"start":{"line":3,"column":29},"end":{"line":12,"column":1}},"line":3},"1":{"name":"(anonymous_1)","decl":{"start":{"line":6,"column":17},"end":{"line":6,"column":18}},"loc":{"start":{"line":6,"column":24},"end":{"line":6,"column":57}},"line":6}},"branchMap":{"0":{"loc":{"start":{"line":4,"column":4},"end":{"line":8,"column":23}},"type":"cond-expr","locations":[{"start":{"line":5,"column":10},"end":{"line":7,"column":23}},{"start":{"line":8,"column":10},"end":{"line":8,"column":23}}],"line":4}},"s":{"0":4,"1":1,"2":1},"f":{"0":1,"1":1},"b":{"0":[1,0]},"_coverageSchema":"1a1c01bbd47fc00a2c39e90264f33305004495a9","hash":"9ad0699b20bcefc44c0b1433d692680cfdd52cc3"}
,"/Users/apple/labs/WEB/articles_frontend/src/api/ads.js": {"path":"/Users/apple/labs/WEB/articles_frontend/src/api/ads.js","statementMap":{"0":{"start":{"line":4,"column":22},"end":{"line":9,"column":1}},"1":{"start":{"line":5,"column":18},"end":{"line":5,"column":47}},"2":{"start":{"line":6,"column":20},"end":{"line":6,"column":74}},"3":{"start":{"line":8,"column":4},"end":{"line":8,"column":73}},"4":{"start":{"line":11,"column":26},"end":{"line":11,"column":108}},"5":{"start":{"line":11,"column":38},"end":{"line":11,"column":108}},"6":{"start":{"line":13,"column":22},"end":{"line":13,"column":99}},"7":{"start":{"line":13,"column":32},"end":{"line":13,"column":99}},"8":{"start":{"line":15,"column":24},"end":{"line":15,"column":109}},"9":{"start":{"line":15,"column":38},"end":{"line":15,"column":109}},"10":{"start":{"line":17,"column":24},"end":{"line":17,"column":100}},"11":{"start":{"line":17,"column":32},"end":{"line":17,"column":100}}},"fnMap":{"0":{"name":"(anonymous_0)","decl":{"start":{"line":4,"column":22},"end":{"line":4,"column":23}},"loc":{"start":{"line":4,"column":37},"end":{"line":9,"column":1}},"line":4},"1":{"name":"(anonymous_1)","decl":{"start":{"line":11,"column":26},"end":{"line":11,"column":27}},"loc":{"start":{"line":11,"column":38},"end":{"line":11,"column":108}},"line":11},"2":{"name":"(anonymous_2)","decl":{"start":{"line":13,"column":22},"end":{"line":13,"column":23}},"loc":{"start":{"line":13,"column":32},"end":{"line":13,"column":99}},"line":13},"3":{"name":"(anonymous_3)","decl":{"start":{"line":15,"column":24},"end":{"line":15,"column":25}},"loc":{"start":{"line":15,"column":38},"end":{"line":15,"column":109}},"line":15},"4":{"name":"(anonymous_4)","decl":{"start":{"line":17,"column":24},"end":{"line":17,"column":25}},"loc":{"start":{"line":17,"column":32},"end":{"line":17,"column":100}},"line":17}},"branchMap":{"0":{"loc":{"start":{"line":4,"column":23},"end":{"line":4,"column":32}},"type":"default-arg","locations":[{"start":{"line":4,"column":28},"end":{"line":4,"column":32}}],"line":4},"1":{"loc":{"start":{"line":6,"column":20},"end":{"line":6,"column":74}},"type":"cond-expr","locations":[{"start":{"line":6,"column":39},"end":{"line":6,"column":54}},{"start":{"line":6,"column":57},"end":{"line":6,"column":74}}],"line":6},"2":{"loc":{"start":{"line":8,"column":38},"end":{"line":8,"column":56}},"type":"cond-expr","locations":[{"start":{"line":8,"column":43},"end":{"line":8,"column":51}},{"start":{"line":8,"column":54},"end":{"line":8,"column":56}}],"line":8}},"s":{"0":2,"1":2,"2":2,"3":2,"4":2,"5":2,"6":2,"7":2,"8":2,"9":2,"10":2,"11":2},"f":{"0":2,"1":2,"2":2,"3":2,"4":2},"b":{"0":[2],"1":[0,2],"2":[0,2]},"_coverageSchema":"1a1c01bbd47fc00a2c39e90264f33305004495a9","hash":"fde5b9fd513ffc9572631af8655477b926a0ef81"}
,"/Users/apple/labs/WEB/articles_frontend/src/api/auth.js": {"path":"/Users/apple/labs/WEB/articles_frontend/src/api/auth.js","statementMap":{"0":{"start":{"line":4,"column":13},"end":{"line":4,"column":78}},"1":{"start":{"line":4,"column":23},"end":{"line":4,"column":78}}},"fnMap":{"0":{"name":"(anonymous_0)","decl":{"start":{"line":4,"column":13},"end":{"line":4,"column":14}},"loc":{"start":{"line":4,"column":23},"end":{"line":4,"column":78}},"line":4}},"branchMap":{},"s":{"0":1,"1":2},"f":{"0":2},"b":{},"_coverageSchema":"1a1c01bbd47fc00a2c39e90264f33305004495a9","hash":"6e7653477ca513e43df28bc9743f83f27577cd46"}
,"/Users/apple/labs/WEB/articles_frontend/src/api/config.js": {"path":"/Users/apple/labs/WEB/articles_frontend/src/api/config.js","statementMap":{"0":{"start":{"line":1,"column":31},"end":{"line":3,"column":1}},"1":{"start":{"line":5,"column":31},"end":{"line":8,"column":2}},"2":{"start":{"line":5,"column":38},"end":{"line":8,"column":1}}},"fnMap":{"0":{"name":"(anonymous_0)","decl":{"start":{"line":5,"column":31},"end":{"line":5,"column":32}},"loc":{"start":{"line":5,"column":38},"end":{"line":8,"column":1}},"line":5}},"branchMap":{},"s":{"0":6,"1":6,"2":21},"f":{"0":21},"b":{},"_coverageSchema":"1a1c01bbd47fc00a2c39e90264f33305004495a9","hash":"33d922f172ae62f49d92e67c77898a9216f66d52"}
,"/Users/apple/labs/WEB/articles_frontend/src/api/images.js": {"path":"/Users/apple/labs/WEB/articles_frontend/src/api/images.js","statementMap":{"0":{"start":{"line":5,"column":18},"end":{"line":16,"column":1}},"1":{"start":{"line":6,"column":4},"end":{"line":13,"column":5}},"2":{"start":{"line":7,"column":25},"end":{"line":7,"column":58}},"3":{"start":{"line":8,"column":20},"end":{"line":8,"column":77}},"4":{"start":{"line":10,"column":8},"end":{"line":10,"column":19}},"5":{"start":{"line":12,"column":8},"end":{"line":12,"column":25}},"6":{"start":{"line":15,"column":4},"end":{"line":15,"column":16}}},"fnMap":{"0":{"name":"(anonymous_0)","decl":{"start":{"line":5,"column":18},"end":{"line":5,"column":19}},"loc":{"start":{"line":5,"column":44},"end":{"line":16,"column":1}},"line":5}},"branchMap":{},"s":{"0":0,"1":0,"2":0,"3":0,"4":0,"5":0,"6":0},"f":{"0":0},"b":{}}
,"/Users/apple/labs/WEB/articles_frontend/src/api/user.js": {"path":"/Users/apple/labs/WEB/articles_frontend/src/api/user.js","statementMap":{"0":{"start":{"line":4,"column":26},"end":{"line":4,"column":99}},"1":{"start":{"line":4,"column":36},"end":{"line":4,"column":99}},"2":{"start":{"line":6,"column":28},"end":{"line":6,"column":84}},"3":{"start":{"line":6,"column":34},"end":{"line":6,"column":84}},"4":{"start":{"line":8,"column":24},"end":{"line":8,"column":81}},"5":{"start":{"line":8,"column":30},"end":{"line":8,"column":81}},"6":{"start":{"line":10,"column":23},"end":{"line":10,"column":88}},"7":{"start":{"line":10,"column":31},"end":{"line":10,"column":88}},"8":{"start":{"line":12,"column":26},"end":{"line":12,"column":94}},"9":{"start":{"line":12,"column":34},"end":{"line":12,"column":94}},"10":{"start":{"line":14,"column":26},"end":{"line":14,"column":103}},"11":{"start":{"line":14,"column":40},"end":{"line":14,"column":103}}},"fnMap":{"0":{"name":"(anonymous_0)","decl":{"start":{"line":4,"column":26},"end":{"line":4,"column":27}},"loc":{"start":{"line":4,"column":36},"end":{"line":4,"column":99}},"line":4},"1":{"name":"(anonymous_1)","decl":{"start":{"line":6,"column":28},"end":{"line":6,"column":29}},"loc":{"start":{"line":6,"column":34},"end":{"line":6,"column":84}},"line":6},"2":{"name":"(anonymous_2)","decl":{"start":{"line":8,"column":24},"end":{"line":8,"column":25}},"loc":{"start":{"line":8,"column":30},"end":{"line":8,"column":81}},"line":8},"3":{"name":"(anonymous_3)","decl":{"start":{"line":10,"column":23},"end":{"line":10,"column":24}},"loc":{"start":{"line":10,"column":31},"end":{"line":10,"column":88}},"line":10},"4":{"name":"(anonymous_4)","decl":{"start":{"line":12,"column":26},"end":{"line":12,"column":27}},"loc":{"start":{"line":12,"column":34},"end":{"line":12,"column":94}},"line":12},"5":{"name":"(anonymous_5)","decl":{"start":{"line":14,"column":26},"end":{"line":14,"column":27}},"loc":{"start":{"line":14,"column":40},"end":{"line":14,"column":103}},"line":14}},"branchMap":{},"s":{"0":3,"1":2,"2":3,"3":2,"4":3,"5":2,"6":3,"7":2,"8":3,"9":2,"10":3,"11":3},"f":{"0":2,"1":2,"2":2,"3":2,"4":2,"5":3},"b":{},"_coverageSchema":"1a1c01bbd47fc00a2c39e90264f33305004495a9","hash":"73215ade06f50c1dace5310d2634de7dc698ef3e"}
,"/Users/apple/labs/WEB/articles_frontend/src/app/app.jsx": {"path":"/Users/apple/labs/WEB/articles_frontend/src/app/app.jsx","statementMap":{"0":{"start":{"line":8,"column":30},"end":{"line":8,"column":69}},"1":{"start":{"line":11,"column":24},"end":{"line":14,"column":5}},"2":{"start":{"line":12,"column":8},"end":{"line":12,"column":24}},"3":{"start":{"line":13,"column":8},"end":{"line":13,"column":45}},"4":{"start":{"line":16,"column":4},"end":{"line":23,"column":6}}},"fnMap":{"0":{"name":"App","decl":{"start":{"line":7,"column":9},"end":{"line":7,"column":12}},"loc":{"start":{"line":7,"column":15},"end":{"line":24,"column":1}},"line":7},"1":{"name":"(anonymous_1)","decl":{"start":{"line":11,"column":24},"end":{"line":11,"column":25}},"loc":{"start":{"line":11,"column":35},"end":{"line":14,"column":5}},"line":11}},"branchMap":{},"s":{"0":0,"1":0,"2":0,"3":0,"4":0},"f":{"0":0,"1":0},"b":{}}
,"/Users/apple/labs/WEB/articles_frontend/src/components/ad.jsx": {"path":"/Users/apple/labs/WEB/articles_frontend/src/components/ad.jsx","statementMap":{"0":{"start":{"line":9,"column":4},"end":{"line":38,"column":6}},"1":{"start":{"line":41,"column":0},"end":{"line":43,"column":2}}},"fnMap":{"0":{"name":"Ad","decl":{"start":{"line":8,"column":9},"end":{"line":8,"column":11}},"loc":{"start":{"line":8,"column":22},"end":{"line":39,"column":1}},"line":8}},"branchMap":{"0":{"loc":{"start":{"line":17,"column":42},"end":{"line":17,"column":71}},"type":"cond-expr","locations":[{"start":{"line":17,"column":53},"end":{"line":17,"column":61}},{"start":{"line":17,"column":64},"end":{"line":17,"column":71}}],"line":17}},"s":{"0":1,"1":1},"f":{"0":1},"b":{"0":[0,1]},"_coverageSchema":"1a1c01bbd47fc00a2c39e90264f33305004495a9","hash":"e8a865c313c3ced50680f1ee620f63bad5050990"}
,"/Users/apple/labs/WEB/articles_frontend/src/components/adItem.jsx": {"path":"/Users/apple/labs/WEB/articles_frontend/src/components/adItem.jsx","statementMap":{"0":{"start":{"line":11,"column":8},"end":{"line":11,"column":12}},"1":{"start":{"line":13,"column":25},"end":{"line":20,"column":5}},"2":{"start":{"line":14,"column":8},"end":{"line":19,"column":9}},"3":{"start":{"line":15,"column":12},"end":{"line":15,"column":31}},"4":{"start":{"line":16,"column":12},"end":{"line":16,"column":27}},"5":{"start":{"line":18,"column":12},"end":{"line":18,"column":24}},"6":{"start":{"line":22,"column":25},"end":{"line":22,"column":45}},"7":{"start":{"line":22,"column":31},"end":{"line":22,"column":45}},"8":{"start":{"line":24,"column":4},"end":{"line":30,"column":6}},"9":{"start":{"line":33,"column":0},"end":{"line":37,"column":2}}},"fnMap":{"0":{"name":"AdItem","decl":{"start":{"line":8,"column":9},"end":{"line":8,"column":15}},"loc":{"start":{"line":8,"column":46},"end":{"line":31,"column":1}},"line":8},"1":{"name":"(anonymous_1)","decl":{"start":{"line":13,"column":25},"end":{"line":13,"column":26}},"loc":{"start":{"line":13,"column":37},"end":{"line":20,"column":5}},"line":13},"2":{"name":"(anonymous_2)","decl":{"start":{"line":22,"column":25},"end":{"line":22,"column":26}},"loc":{"start":{"line":22,"column":31},"end":{"line":22,"column":45}},"line":22}},"branchMap":{},"s":{"0":2,"1":2,"2":0,"3":0,"4":0,"5":0,"6":2,"7":0,"8":2,"9":1},"f":{"0":2,"1":0,"2":0},"b":{},"_coverageSchema":"1a1c01bbd47fc00a2c39e90264f33305004495a9","hash":"7c4e52d2a6a17940208846b29da46aef31ce920c"}
,"/Users/apple/labs/WEB/articles_frontend/src/components/editUser.jsx": {"path":"/Users/apple/labs/WEB/articles_frontend/src/components/editUser.jsx","statementMap":{"0":{"start":{"line":9,"column":36},"end":{"line":19,"column":6}},"1":{"start":{"line":21,"column":4},"end":{"line":23,"column":15}},"2":{"start":{"line":22,"column":8},"end":{"line":22,"column":33}},"3":{"start":{"line":25,"column":26},"end":{"line":30,"column":5}},"4":{"start":{"line":25,"column":37},"end":{"line":30,"column":5}},"5":{"start":{"line":26,"column":8},"end":{"line":29,"column":11}},"6":{"start":{"line":32,"column":26},"end":{"line":59,"column":5}},"7":{"start":{"line":33,"column":24},"end":{"line":33,"column":26}},"8":{"start":{"line":35,"column":8},"end":{"line":42,"column":9}},"9":{"start":{"line":36,"column":12},"end":{"line":39,"column":13}},"10":{"start":{"line":37,"column":16},"end":{"line":37,"column":67}},"11":{"start":{"line":38,"column":16},"end":{"line":38,"column":23}},"12":{"start":{"line":41,"column":12},"end":{"line":41,"column":49}},"13":{"start":{"line":44,"column":8},"end":{"line":44,"column":39}},"14":{"start":{"line":45,"column":8},"end":{"line":45,"column":53}},"15":{"start":{"line":46,"column":8},"end":{"line":46,"column":47}},"16":{"start":{"line":47,"column":8},"end":{"line":47,"column":45}},"17":{"start":{"line":48,"column":8},"end":{"line":48,"column":43}},"18":{"start":{"line":49,"column":8},"end":{"line":49,"column":37}},"19":{"start":{"line":50,"column":8},"end":{"line":50,"column":45}},"20":{"start":{"line":51,"column":8},"end":{"line":51,"column":43}},"21":{"start":{"line":53,"column":8},"end":{"line":58,"column":9}},"22":{"start":{"line":54,"column":12},"end":{"line":54,"column":47}},"23":{"start":{"line":55,"column":12},"end":{"line":55,"column":24}},"24":{"start":{"line":57,"column":12},"end":{"line":57,"column":29}},"25":{"start":{"line":61,"column":25},"end":{"line":64,"column":5}},"26":{"start":{"line":62,"column":8},"end":{"line":62,"column":33}},"27":{"start":{"line":63,"column":8},"end":{"line":63,"column":19}},"28":{"start":{"line":66,"column":4},"end":{"line":83,"column":6}},"29":{"start":{"line":86,"column":0},"end":{"line":88,"column":2}},"30":{"start":{"line":90,"column":0},"end":{"line":94,"column":2}}},"fnMap":{"0":{"name":"EditUser","decl":{"start":{"line":8,"column":9},"end":{"line":8,"column":17}},"loc":{"start":{"line":8,"column":49},"end":{"line":84,"column":1}},"line":8},"1":{"name":"(anonymous_1)","decl":{"start":{"line":21,"column":14},"end":{"line":21,"column":15}},"loc":{"start":{"line":21,"column":20},"end":{"line":23,"column":5}},"line":21},"2":{"name":"(anonymous_2)","decl":{"start":{"line":25,"column":26},"end":{"line":25,"column":27}},"loc":{"start":{"line":25,"column":37},"end":{"line":30,"column":5}},"line":25},"3":{"name":"(anonymous_3)","decl":{"start":{"line":25,"column":37},"end":{"line":25,"column":38}},"loc":{"start":{"line":25,"column":64},"end":{"line":30,"column":5}},"line":25},"4":{"name":"(anonymous_4)","decl":{"start":{"line":32,"column":26},"end":{"line":32,"column":27}},"loc":{"start":{"line":32,"column":38},"end":{"line":59,"column":5}},"line":32},"5":{"name":"(anonymous_5)","decl":{"start":{"line":61,"column":25},"end":{"line":61,"column":26}},"loc":{"start":{"line":61,"column":31},"end":{"line":64,"column":5}},"line":61},"6":{"name":"(anonymous_6)","decl":{"start":{"line":87,"column":14},"end":{"line":87,"column":15}},"loc":{"start":{"line":87,"column":20},"end":{"line":87,"column":22}},"line":87}},"branchMap":{"0":{"loc":{"start":{"line":35,"column":8},"end":{"line":42,"column":9}},"type":"if","locations":[{"start":{"line":35,"column":8},"end":{"line":42,"column":9}},{"start":{},"end":{}}],"line":35},"1":{"loc":{"start":{"line":35,"column":12},"end":{"line":35,"column":57}},"type":"binary-expr","locations":[{"start":{"line":35,"column":12},"end":{"line":35,"column":29}},{"start":{"line":35,"column":33},"end":{"line":35,"column":57}}],"line":35},"2":{"loc":{"start":{"line":36,"column":12},"end":{"line":39,"column":13}},"type":"if","locations":[{"start":{"line":36,"column":12},"end":{"line":39,"column":13}},{"start":{},"end":{}}],"line":36}},"s":{"0":4,"1":4,"2":1,"3":4,"4":40,"5":1,"6":4,"7":1,"8":1,"9":0,"10":0,"11":0,"12":0,"13":1,"14":1,"15":1,"16":1,"17":1,"18":1,"19":1,"20":1,"21":1,"22":1,"23":0,"24":0,"25":4,"26":1,"27":1,"28":4,"29":1,"30":1},"f":{"0":4,"1":1,"2":40,"3":1,"4":1,"5":1,"6":0},"b":{"0":[0,1],"1":[1,0],"2":[0,0]},"_coverageSchema":"1a1c01bbd47fc00a2c39e90264f33305004495a9","hash":"d9ed7046ee9d8e8fb7c71c3f7e9e8ddac871e671"}
,"/Users/apple/labs/WEB/articles_frontend/src/components/item.jsx": {"path":"/Users/apple/labs/WEB/articles_frontend/src/components/item.jsx","statementMap":{"0":{"start":{"line":11,"column":4},"end":{"line":24,"column":6}},"1":{"start":{"line":27,"column":0},"end":{"line":34,"column":2}}},"fnMap":{"0":{"name":"Item","decl":{"start":{"line":6,"column":9},"end":{"line":6,"column":13}},"loc":{"start":{"line":10,"column":3},"end":{"line":25,"column":1}},"line":10}},"branchMap":{},"s":{"0":5,"1":3},"f":{"0":5},"b":{},"_coverageSchema":"1a1c01bbd47fc00a2c39e90264f33305004495a9","hash":"220e414bc1c795525e002e9949a6daeef4bd887b"}
,"/Users/apple/labs/WEB/articles_frontend/src/components/loaderWrapper.jsx": {"path":"/Users/apple/labs/WEB/articles_frontend/src/components/loaderWrapper.jsx","statementMap":{"0":{"start":{"line":7,"column":4},"end":{"line":11,"column":6}},"1":{"start":{"line":14,"column":0},"end":{"line":16,"column":2}},"2":{"start":{"line":18,"column":0},"end":{"line":20,"column":2}}},"fnMap":{"0":{"name":"LoaderWrapper","decl":{"start":{"line":6,"column":9},"end":{"line":6,"column":22}},"loc":{"start":{"line":6,"column":37},"end":{"line":12,"column":1}},"line":6}},"branchMap":{"0":{"loc":{"start":{"line":8,"column":27},"end":{"line":8,"column":49}},"type":"cond-expr","locations":[{"start":{"line":8,"column":38},"end":{"line":8,"column":44}},{"start":{"line":8,"column":47},"end":{"line":8,"column":49}}],"line":8}},"s":{"0":1,"1":1,"2":1},"f":{"0":1},"b":{"0":[1,0]},"_coverageSchema":"1a1c01bbd47fc00a2c39e90264f33305004495a9","hash":"600bb7e03a41cde869ba728212ac895d1b5b8bea"}
,"/Users/apple/labs/WEB/articles_frontend/src/components/userItem.jsx": {"path":"/Users/apple/labs/WEB/articles_frontend/src/components/userItem.jsx","statementMap":{"0":{"start":{"line":16,"column":8},"end":{"line":16,"column":12}},"1":{"start":{"line":18,"column":25},"end":{"line":25,"column":5}},"2":{"start":{"line":19,"column":8},"end":{"line":24,"column":9}},"3":{"start":{"line":20,"column":12},"end":{"line":20,"column":33}},"4":{"start":{"line":21,"column":12},"end":{"line":21,"column":23}},"5":{"start":{"line":23,"column":12},"end":{"line":23,"column":29}},"6":{"start":{"line":27,"column":25},"end":{"line":27,"column":45}},"7":{"start":{"line":27,"column":31},"end":{"line":27,"column":45}},"8":{"start":{"line":29,"column":4},"end":{"line":35,"column":6}},"9":{"start":{"line":38,"column":0},"end":{"line":42,"column":2}}},"fnMap":{"0":{"name":"UserItem","decl":{"start":{"line":9,"column":9},"end":{"line":9,"column":17}},"loc":{"start":{"line":13,"column":3},"end":{"line":36,"column":1}},"line":13},"1":{"name":"(anonymous_1)","decl":{"start":{"line":18,"column":25},"end":{"line":18,"column":26}},"loc":{"start":{"line":18,"column":37},"end":{"line":25,"column":5}},"line":18},"2":{"name":"(anonymous_2)","decl":{"start":{"line":27,"column":25},"end":{"line":27,"column":26}},"loc":{"start":{"line":27,"column":31},"end":{"line":27,"column":45}},"line":27}},"branchMap":{},"s":{"0":2,"1":2,"2":0,"3":0,"4":0,"5":0,"6":2,"7":0,"8":2,"9":1},"f":{"0":2,"1":0,"2":0},"b":{},"_coverageSchema":"1a1c01bbd47fc00a2c39e90264f33305004495a9","hash":"2c75fbf8e70cbd65c081430fa2ee42cbe5f2aed2"}
,"/Users/apple/labs/WEB/articles_frontend/src/context/bootstrap.js": {"path":"/Users/apple/labs/WEB/articles_frontend/src/context/bootstrap.js","statementMap":{"0":{"start":{"line":3,"column":26},"end":{"line":3,"column":49}}},"fnMap":{},"branchMap":{},"s":{"0":1},"f":{},"b":{},"_coverageSchema":"1a1c01bbd47fc00a2c39e90264f33305004495a9","hash":"667fdaf141868a49c9f652290ba25cf7e7d35e10"}
,"/Users/apple/labs/WEB/articles_frontend/src/context/token.js": {"path":"/Users/apple/labs/WEB/articles_frontend/src/context/token.js","statementMap":{"0":{"start":{"line":3,"column":21},"end":{"line":3,"column":46}}},"fnMap":{},"branchMap":{},"s":{"0":1},"f":{},"b":{},"_coverageSchema":"1a1c01bbd47fc00a2c39e90264f33305004495a9","hash":"81313d21b6f43ac9609f1556e66ae3bf3fb5c2cf"}
,"/Users/apple/labs/WEB/articles_frontend/src/navigation/appNav.jsx": {"path":"/Users/apple/labs/WEB/articles_frontend/src/navigation/appNav.jsx","statementMap":{"0":{"start":{"line":15,"column":38},"end":{"line":15,"column":50}},"1":{"start":{"line":17,"column":26},"end":{"line":24,"column":5}},"2":{"start":{"line":18,"column":8},"end":{"line":23,"column":9}},"3":{"start":{"line":19,"column":24},"end":{"line":19,"column":44}},"4":{"start":{"line":20,"column":12},"end":{"line":20,"column":35}},"5":{"start":{"line":22,"column":12},"end":{"line":22,"column":29}},"6":{"start":{"line":26,"column":4},"end":{"line":29,"column":11}},"7":{"start":{"line":27,"column":22},"end":{"line":27,"column":51}},"8":{"start":{"line":28,"column":8},"end":{"line":28,"column":64}},"9":{"start":{"line":28,"column":48},"end":{"line":28,"column":64}},"10":{"start":{"line":31,"column":4},"end":{"line":64,"column":6}}},"fnMap":{"0":{"name":"AppNav","decl":{"start":{"line":14,"column":9},"end":{"line":14,"column":15}},"loc":{"start":{"line":14,"column":18},"end":{"line":65,"column":1}},"line":14},"1":{"name":"(anonymous_1)","decl":{"start":{"line":17,"column":26},"end":{"line":17,"column":27}},"loc":{"start":{"line":17,"column":38},"end":{"line":24,"column":5}},"line":17},"2":{"name":"(anonymous_2)","decl":{"start":{"line":26,"column":14},"end":{"line":26,"column":15}},"loc":{"start":{"line":26,"column":20},"end":{"line":29,"column":5}},"line":26}},"branchMap":{"0":{"loc":{"start":{"line":28,"column":8},"end":{"line":28,"column":64}},"type":"if","locations":[{"start":{"line":28,"column":8},"end":{"line":28,"column":64}},{"start":{},"end":{}}],"line":28},"1":{"loc":{"start":{"line":28,"column":12},"end":{"line":28,"column":46}},"type":"binary-expr","locations":[{"start":{"line":28,"column":12},"end":{"line":28,"column":26}},{"start":{"line":28,"column":30},"end":{"line":28,"column":46}}],"line":28},"2":{"loc":{"start":{"line":44,"column":25},"end":{"line":50,"column":35}},"type":"cond-expr","locations":[{"start":{"line":45,"column":28},"end":{"line":49,"column":34}},{"start":{"line":50,"column":28},"end":{"line":50,"column":35}}],"line":44},"3":{"loc":{"start":{"line":48,"column":33},"end":{"line":48,"column":147}},"type":"binary-expr","locations":[{"start":{"line":48,"column":33},"end":{"line":48,"column":63}},{"start":{"line":48,"column":67},"end":{"line":48,"column":147}}],"line":48}},"s":{"0":0,"1":0,"2":0,"3":0,"4":0,"5":0,"6":0,"7":0,"8":0,"9":0,"10":0},"f":{"0":0,"1":0,"2":0},"b":{"0":[0,0],"1":[0,0],"2":[0,0],"3":[0,0]}}
,"/Users/apple/labs/WEB/articles_frontend/src/navigation/root.jsx": {"path":"/Users/apple/labs/WEB/articles_frontend/src/navigation/root.jsx","statementMap":{"0":{"start":{"line":11,"column":22},"end":{"line":11,"column":46}},"1":{"start":{"line":13,"column":4},"end":{"line":22,"column":6}}},"fnMap":{"0":{"name":"RootNav","decl":{"start":{"line":10,"column":9},"end":{"line":10,"column":16}},"loc":{"start":{"line":10,"column":19},"end":{"line":23,"column":1}},"line":10}},"branchMap":{"0":{"loc":{"start":{"line":16,"column":47},"end":{"line":16,"column":115}},"type":"cond-expr","locations":[{"start":{"line":16,"column":66},"end":{"line":16,"column":88}},{"start":{"line":16,"column":91},"end":{"line":16,"column":115}}],"line":16}},"s":{"0":0,"1":0},"f":{"0":0},"b":{"0":[0,0]}}
,"/Users/apple/labs/WEB/articles_frontend/src/screens/adPage.jsx": {"path":"/Users/apple/labs/WEB/articles_frontend/src/screens/adPage.jsx","statementMap":{"0":{"start":{"line":11,"column":19},"end":{"line":11,"column":30}},"1":{"start":{"line":13,"column":24},"end":{"line":13,"column":36}},"2":{"start":{"line":14,"column":34},"end":{"line":14,"column":49}},"3":{"start":{"line":16,"column":19},"end":{"line":27,"column":5}},"4":{"start":{"line":17,"column":8},"end":{"line":17,"column":25}},"5":{"start":{"line":19,"column":8},"end":{"line":26,"column":9}},"6":{"start":{"line":20,"column":24},"end":{"line":20,"column":40}},"7":{"start":{"line":21,"column":12},"end":{"line":21,"column":31}},"8":{"start":{"line":23,"column":12},"end":{"line":23,"column":29}},"9":{"start":{"line":25,"column":12},"end":{"line":25,"column":30}},"10":{"start":{"line":29,"column":4},"end":{"line":29,"column":39}},"11":{"start":{"line":29,"column":22},"end":{"line":29,"column":31}},"12":{"start":{"line":31,"column":4},"end":{"line":31,"column":42}},"13":{"start":{"line":31,"column":17},"end":{"line":31,"column":42}},"14":{"start":{"line":33,"column":4},"end":{"line":61,"column":6}}},"fnMap":{"0":{"name":"AdPage","decl":{"start":{"line":10,"column":9},"end":{"line":10,"column":15}},"loc":{"start":{"line":10,"column":18},"end":{"line":62,"column":1}},"line":10},"1":{"name":"(anonymous_1)","decl":{"start":{"line":16,"column":19},"end":{"line":16,"column":20}},"loc":{"start":{"line":16,"column":31},"end":{"line":27,"column":5}},"line":16},"2":{"name":"(anonymous_2)","decl":{"start":{"line":29,"column":14},"end":{"line":29,"column":15}},"loc":{"start":{"line":29,"column":20},"end":{"line":29,"column":33}},"line":29}},"branchMap":{"0":{"loc":{"start":{"line":31,"column":4},"end":{"line":31,"column":42}},"type":"if","locations":[{"start":{"line":31,"column":4},"end":{"line":31,"column":42}},{"start":{},"end":{}}],"line":31},"1":{"loc":{"start":{"line":37,"column":50},"end":{"line":37,"column":75}},"type":"cond-expr","locations":[{"start":{"line":37,"column":59},"end":{"line":37,"column":65}},{"start":{"line":37,"column":68},"end":{"line":37,"column":75}}],"line":37}},"s":{"0":0,"1":0,"2":0,"3":0,"4":0,"5":0,"6":0,"7":0,"8":0,"9":0,"10":0,"11":0,"12":0,"13":0,"14":0},"f":{"0":0,"1":0,"2":0},"b":{"0":[0,0],"1":[0,0]}}
,"/Users/apple/labs/WEB/articles_frontend/src/screens/editAd.jsx": {"path":"/Users/apple/labs/WEB/articles_frontend/src/screens/editAd.jsx","statementMap":{"0":{"start":{"line":16,"column":26},"end":{"line":16,"column":69}},"1":{"start":{"line":19,"column":21},"end":{"line":19,"column":33}},"2":{"start":{"line":21,"column":26},"end":{"line":21,"column":55}},"3":{"start":{"line":23,"column":34},"end":{"line":23,"column":49}},"4":{"start":{"line":24,"column":26},"end":{"line":24,"column":38}},"5":{"start":{"line":25,"column":40},"end":{"line":25,"column":54}},"6":{"start":{"line":27,"column":42},"end":{"line":27,"column":57}},"7":{"start":{"line":28,"column":36},"end":{"line":28,"column":63}},"8":{"start":{"line":30,"column":40},"end":{"line":30,"column":55}},"9":{"start":{"line":31,"column":26},"end":{"line":31,"column":40}},"10":{"start":{"line":33,"column":20},"end":{"line":43,"column":5}},"11":{"start":{"line":34,"column":8},"end":{"line":34,"column":25}},"12":{"start":{"line":35,"column":8},"end":{"line":42,"column":9}},"13":{"start":{"line":36,"column":24},"end":{"line":36,"column":54}},"14":{"start":{"line":37,"column":12},"end":{"line":37,"column":29}},"15":{"start":{"line":39,"column":12},"end":{"line":39,"column":29}},"16":{"start":{"line":41,"column":12},"end":{"line":41,"column":30}},"17":{"start":{"line":45,"column":4},"end":{"line":47,"column":20}},"18":{"start":{"line":46,"column":8},"end":{"line":46,"column":61}},"19":{"start":{"line":46,"column":49},"end":{"line":46,"column":59}},"20":{"start":{"line":49,"column":25},"end":{"line":53,"column":5}},"21":{"start":{"line":50,"column":8},"end":{"line":50,"column":39}},"22":{"start":{"line":51,"column":8},"end":{"line":51,"column":28}},"23":{"start":{"line":52,"column":8},"end":{"line":52,"column":21}},"24":{"start":{"line":55,"column":23},"end":{"line":76,"column":5}},"25":{"start":{"line":56,"column":8},"end":{"line":56,"column":29}},"26":{"start":{"line":57,"column":8},"end":{"line":73,"column":9}},"27":{"start":{"line":58,"column":28},"end":{"line":63,"column":13}},"28":{"start":{"line":65,"column":12},"end":{"line":66,"column":39}},"29":{"start":{"line":65,"column":28},"end":{"line":65,"column":67}},"30":{"start":{"line":66,"column":17},"end":{"line":66,"column":39}},"31":{"start":{"line":68,"column":12},"end":{"line":68,"column":27}},"32":{"start":{"line":70,"column":12},"end":{"line":70,"column":29}},"33":{"start":{"line":72,"column":12},"end":{"line":72,"column":34}},"34":{"start":{"line":75,"column":8},"end":{"line":75,"column":18}},"35":{"start":{"line":78,"column":25},"end":{"line":86,"column":5}},"36":{"start":{"line":79,"column":8},"end":{"line":79,"column":28}},"37":{"start":{"line":80,"column":8},"end":{"line":84,"column":11}},"38":{"start":{"line":85,"column":8},"end":{"line":85,"column":25}},"39":{"start":{"line":88,"column":25},"end":{"line":92,"column":5}},"40":{"start":{"line":89,"column":8},"end":{"line":89,"column":68}},"41":{"start":{"line":89,"column":53},"end":{"line":89,"column":68}},"42":{"start":{"line":91,"column":8},"end":{"line":91,"column":18}},"43":{"start":{"line":94,"column":22},"end":{"line":101,"column":6}},"44":{"start":{"line":94,"column":28},"end":{"line":101,"column":6}},"45":{"start":{"line":95,"column":8},"end":{"line":100,"column":10}},"46":{"start":{"line":103,"column":26},"end":{"line":105,"column":5}},"47":{"start":{"line":103,"column":37},"end":{"line":105,"column":5}},"48":{"start":{"line":104,"column":8},"end":{"line":104,"column":53}},"49":{"start":{"line":107,"column":26},"end":{"line":115,"column":5}},"50":{"start":{"line":108,"column":8},"end":{"line":108,"column":28}},"51":{"start":{"line":109,"column":8},"end":{"line":114,"column":9}},"52":{"start":{"line":110,"column":24},"end":{"line":110,"column":103}},"53":{"start":{"line":111,"column":12},"end":{"line":111,"column":24}},"54":{"start":{"line":113,"column":12},"end":{"line":113,"column":33}},"55":{"start":{"line":117,"column":31},"end":{"line":117,"column":61}},"56":{"start":{"line":117,"column":37},"end":{"line":117,"column":61}},"57":{"start":{"line":119,"column":4},"end":{"line":196,"column":6}}},"fnMap":{"0":{"name":"EditAd","decl":{"start":{"line":18,"column":9},"end":{"line":18,"column":15}},"loc":{"start":{"line":18,"column":18},"end":{"line":197,"column":1}},"line":18},"1":{"name":"(anonymous_1)","decl":{"start":{"line":33,"column":20},"end":{"line":33,"column":21}},"loc":{"start":{"line":33,"column":32},"end":{"line":43,"column":5}},"line":33},"2":{"name":"(anonymous_2)","decl":{"start":{"line":45,"column":14},"end":{"line":45,"column":15}},"loc":{"start":{"line":45,"column":20},"end":{"line":47,"column":5}},"line":45},"3":{"name":"(anonymous_3)","decl":{"start":{"line":49,"column":25},"end":{"line":49,"column":26}},"loc":{"start":{"line":49,"column":31},"end":{"line":53,"column":5}},"line":49},"4":{"name":"(anonymous_4)","decl":{"start":{"line":55,"column":23},"end":{"line":55,"column":24}},"loc":{"start":{"line":55,"column":35},"end":{"line":76,"column":5}},"line":55},"5":{"name":"(anonymous_5)","decl":{"start":{"line":78,"column":25},"end":{"line":78,"column":26}},"loc":{"start":{"line":78,"column":35},"end":{"line":86,"column":5}},"line":78},"6":{"name":"(anonymous_6)","decl":{"start":{"line":88,"column":25},"end":{"line":88,"column":26}},"loc":{"start":{"line":88,"column":35},"end":{"line":92,"column":5}},"line":88},"7":{"name":"(anonymous_7)","decl":{"start":{"line":94,"column":22},"end":{"line":94,"column":23}},"loc":{"start":{"line":94,"column":28},"end":{"line":101,"column":6}},"line":94},"8":{"name":"(anonymous_8)","decl":{"start":{"line":94,"column":36},"end":{"line":94,"column":37}},"loc":{"start":{"line":95,"column":8},"end":{"line":100,"column":10}},"line":95},"9":{"name":"(anonymous_9)","decl":{"start":{"line":103,"column":26},"end":{"line":103,"column":27}},"loc":{"start":{"line":103,"column":37},"end":{"line":105,"column":5}},"line":103},"10":{"name":"(anonymous_10)","decl":{"start":{"line":103,"column":37},"end":{"line":103,"column":38}},"loc":{"start":{"line":103,"column":64},"end":{"line":105,"column":5}},"line":103},"11":{"name":"(anonymous_11)","decl":{"start":{"line":107,"column":26},"end":{"line":107,"column":27}},"loc":{"start":{"line":107,"column":72},"end":{"line":115,"column":5}},"line":107},"12":{"name":"(anonymous_12)","decl":{"start":{"line":117,"column":31},"end":{"line":117,"column":32}},"loc":{"start":{"line":117,"column":37},"end":{"line":117,"column":61}},"line":117}},"branchMap":{"0":{"loc":{"start":{"line":46,"column":8},"end":{"line":46,"column":61}},"type":"if","locations":[{"start":{"line":46,"column":8},"end":{"line":46,"column":61}},{"start":{},"end":{}}],"line":46},"1":{"loc":{"start":{"line":65,"column":12},"end":{"line":66,"column":39}},"type":"if","locations":[{"start":{"line":65,"column":12},"end":{"line":66,"column":39}},{"start":{"line":66,"column":17},"end":{"line":66,"column":39}}],"line":65},"2":{"loc":{"start":{"line":89,"column":8},"end":{"line":89,"column":68}},"type":"if","locations":[{"start":{"line":89,"column":8},"end":{"line":89,"column":68}},{"start":{},"end":{}}],"line":89},"3":{"loc":{"start":{"line":89,"column":12},"end":{"line":89,"column":51}},"type":"binary-expr","locations":[{"start":{"line":89,"column":12},"end":{"line":89,"column":22}},{"start":{"line":89,"column":26},"end":{"line":89,"column":51}}],"line":89},"4":{"loc":{"start":{"line":123,"column":21},"end":{"line":123,"column":62}},"type":"cond-expr","locations":[{"start":{"line":123,"column":31},"end":{"line":123,"column":48}},{"start":{"line":123,"column":51},"end":{"line":123,"column":62}}],"line":123},"5":{"loc":{"start":{"line":182,"column":25},"end":{"line":187,"column":25}},"type":"cond-expr","locations":[{"start":{"line":182,"column":39},"end":{"line":182,"column":73}},{"start":{"line":183,"column":28},"end":{"line":186,"column":34}}],"line":182},"6":{"loc":{"start":{"line":189,"column":22},"end":{"line":189,"column":110}},"type":"cond-expr","locations":[{"start":{"line":189,"column":43},"end":{"line":189,"column":100}},{"start":{"line":189,"column":103},"end":{"line":189,"column":110}}],"line":189},"7":{"loc":{"start":{"line":189,"column":22},"end":{"line":189,"column":40}},"type":"binary-expr","locations":[{"start":{"line":189,"column":22},"end":{"line":189,"column":25}},{"start":{"line":189,"column":29},"end":{"line":189,"column":40}}],"line":189},"8":{"loc":{"start":{"line":191,"column":22},"end":{"line":191,"column":79}},"type":"cond-expr","locations":[{"start":{"line":191,"column":35},"end":{"line":191,"column":69}},{"start":{"line":191,"column":72},"end":{"line":191,"column":79}}],"line":191}},"s":{"0":0,"1":0,"2":0,"3":0,"4":0,"5":0,"6":0,"7":0,"8":0,"9":0,"10":0,"11":0,"12":0,"13":0,"14":0,"15":0,"16":0,"17":0,"18":0,"19":0,"20":0,"21":0,"22":0,"23":0,"24":0,"25":0,"26":0,"27":0,"28":0,"29":0,"30":0,"31":0,"32":0,"33":0,"34":0,"35":0,"36":0,"37":0,"38":0,"39":0,"40":0,"41":0,"42":0,"43":0,"44":0,"45":0,"46":0,"47":0,"48":0,"49":0,"50":0,"51":0,"52":0,"53":0,"54":0,"55":0,"56":0,"57":0},"f":{"0":0,"1":0,"2":0,"3":0,"4":0,"5":0,"6":0,"7":0,"8":0,"9":0,"10":0,"11":0,"12":0},"b":{"0":[0,0],"1":[0,0],"2":[0,0],"3":[0,0],"4":[0,0],"5":[0,0],"6":[0,0],"7":[0,0],"8":[0,0]}}
,"/Users/apple/labs/WEB/articles_frontend/src/screens/home.jsx": {"path":"/Users/apple/labs/WEB/articles_frontend/src/screens/home.jsx","statementMap":{"0":{"start":{"line":9,"column":26},"end":{"line":9,"column":38}},"1":{"start":{"line":10,"column":34},"end":{"line":10,"column":49}},"2":{"start":{"line":12,"column":20},"end":{"line":23,"column":5}},"3":{"start":{"line":13,"column":8},"end":{"line":13,"column":25}},"4":{"start":{"line":15,"column":8},"end":{"line":22,"column":9}},"5":{"start":{"line":16,"column":24},"end":{"line":16,"column":38}},"6":{"start":{"line":17,"column":12},"end":{"line":17,"column":29}},"7":{"start":{"line":19,"column":12},"end":{"line":19,"column":29}},"8":{"start":{"line":21,"column":12},"end":{"line":21,"column":30}},"9":{"start":{"line":25,"column":4},"end":{"line":25,"column":40}},"10":{"start":{"line":25,"column":22},"end":{"line":25,"column":32}},"11":{"start":{"line":27,"column":22},"end":{"line":27,"column":79}},"12":{"start":{"line":27,"column":28},"end":{"line":27,"column":79}},"13":{"start":{"line":27,"column":46},"end":{"line":27,"column":78}},"14":{"start":{"line":29,"column":4},"end":{"line":36,"column":6}}},"fnMap":{"0":{"name":"Home","decl":{"start":{"line":8,"column":9},"end":{"line":8,"column":13}},"loc":{"start":{"line":8,"column":16},"end":{"line":37,"column":1}},"line":8},"1":{"name":"(anonymous_1)","decl":{"start":{"line":12,"column":20},"end":{"line":12,"column":21}},"loc":{"start":{"line":12,"column":32},"end":{"line":23,"column":5}},"line":12},"2":{"name":"(anonymous_2)","decl":{"start":{"line":25,"column":14},"end":{"line":25,"column":15}},"loc":{"start":{"line":25,"column":20},"end":{"line":25,"column":34}},"line":25},"3":{"name":"(anonymous_3)","decl":{"start":{"line":27,"column":22},"end":{"line":27,"column":23}},"loc":{"start":{"line":27,"column":28},"end":{"line":27,"column":79}},"line":27},"4":{"name":"(anonymous_4)","decl":{"start":{"line":27,"column":36},"end":{"line":27,"column":37}},"loc":{"start":{"line":27,"column":46},"end":{"line":27,"column":78}},"line":27}},"branchMap":{"0":{"loc":{"start":{"line":32,"column":17},"end":{"line":32,"column":58}},"type":"cond-expr","locations":[{"start":{"line":32,"column":27},"end":{"line":32,"column":44}},{"start":{"line":32,"column":47},"end":{"line":32,"column":58}}],"line":32}},"s":{"0":0,"1":0,"2":0,"3":0,"4":0,"5":0,"6":0,"7":0,"8":0,"9":0,"10":0,"11":0,"12":0,"13":0,"14":0},"f":{"0":0,"1":0,"2":0,"3":0,"4":0},"b":{"0":[0,0]}}
,"/Users/apple/labs/WEB/articles_frontend/src/screens/login.jsx": {"path":"/Users/apple/labs/WEB/articles_frontend/src/screens/login.jsx","statementMap":{"0":{"start":{"line":11,"column":28},"end":{"line":11,"column":40}},"1":{"start":{"line":12,"column":21},"end":{"line":12,"column":34}},"2":{"start":{"line":14,"column":28},"end":{"line":14,"column":52}},"3":{"start":{"line":16,"column":26},"end":{"line":21,"column":5}},"4":{"start":{"line":16,"column":37},"end":{"line":21,"column":5}},"5":{"start":{"line":17,"column":8},"end":{"line":20,"column":11}},"6":{"start":{"line":23,"column":24},"end":{"line":32,"column":5}},"7":{"start":{"line":24,"column":8},"end":{"line":31,"column":9}},"8":{"start":{"line":25,"column":12},"end":{"line":25,"column":29}},"9":{"start":{"line":27,"column":12},"end":{"line":27,"column":44}},"10":{"start":{"line":28,"column":12},"end":{"line":28,"column":29}},"11":{"start":{"line":30,"column":12},"end":{"line":30,"column":29}},"12":{"start":{"line":34,"column":4},"end":{"line":55,"column":6}}},"fnMap":{"0":{"name":"Login","decl":{"start":{"line":10,"column":9},"end":{"line":10,"column":14}},"loc":{"start":{"line":10,"column":17},"end":{"line":56,"column":1}},"line":10},"1":{"name":"(anonymous_1)","decl":{"start":{"line":16,"column":26},"end":{"line":16,"column":27}},"loc":{"start":{"line":16,"column":37},"end":{"line":21,"column":5}},"line":16},"2":{"name":"(anonymous_2)","decl":{"start":{"line":16,"column":37},"end":{"line":16,"column":38}},"loc":{"start":{"line":16,"column":64},"end":{"line":21,"column":5}},"line":16},"3":{"name":"(anonymous_3)","decl":{"start":{"line":23,"column":24},"end":{"line":23,"column":25}},"loc":{"start":{"line":23,"column":36},"end":{"line":32,"column":5}},"line":23}},"branchMap":{},"s":{"0":0,"1":0,"2":0,"3":0,"4":0,"5":0,"6":0,"7":0,"8":0,"9":0,"10":0,"11":0,"12":0},"f":{"0":0,"1":0,"2":0,"3":0},"b":{}}
,"/Users/apple/labs/WEB/articles_frontend/src/screens/profile.jsx": {"path":"/Users/apple/labs/WEB/articles_frontend/src/screens/profile.jsx","statementMap":{"0":{"start":{"line":9,"column":41},"end":{"line":9,"column":70}},"1":{"start":{"line":10,"column":28},"end":{"line":10,"column":52}},"2":{"start":{"line":11,"column":21},"end":{"line":11,"column":34}},"3":{"start":{"line":13,"column":26},"end":{"line":13,"column":47}},"4":{"start":{"line":13,"column":32},"end":{"line":13,"column":47}},"5":{"start":{"line":15,"column":25},"end":{"line":18,"column":5}},"6":{"start":{"line":16,"column":8},"end":{"line":16,"column":26}},"7":{"start":{"line":17,"column":8},"end":{"line":17,"column":27}},"8":{"start":{"line":20,"column":4},"end":{"line":43,"column":6}}},"fnMap":{"0":{"name":"Profile","decl":{"start":{"line":8,"column":9},"end":{"line":8,"column":16}},"loc":{"start":{"line":8,"column":19},"end":{"line":44,"column":1}},"line":8},"1":{"name":"(anonymous_1)","decl":{"start":{"line":13,"column":26},"end":{"line":13,"column":27}},"loc":{"start":{"line":13,"column":32},"end":{"line":13,"column":47}},"line":13},"2":{"name":"(anonymous_2)","decl":{"start":{"line":15,"column":25},"end":{"line":15,"column":26}},"loc":{"start":{"line":15,"column":31},"end":{"line":18,"column":5}},"line":15}},"branchMap":{"0":{"loc":{"start":{"line":22,"column":13},"end":{"line":41,"column":13}},"type":"binary-expr","locations":[{"start":{"line":22,"column":13},"end":{"line":22,"column":48}},{"start":{"line":24,"column":16},"end":{"line":40,"column":22}}],"line":22}},"s":{"0":0,"1":0,"2":0,"3":0,"4":0,"5":0,"6":0,"7":0,"8":0},"f":{"0":0,"1":0,"2":0},"b":{"0":[0,0]}}
,"/Users/apple/labs/WEB/articles_frontend/src/screens/registration.jsx": {"path":"/Users/apple/labs/WEB/articles_frontend/src/screens/registration.jsx","statementMap":{"0":{"start":{"line":8,"column":28},"end":{"line":8,"column":40}},"1":{"start":{"line":9,"column":21},"end":{"line":9,"column":34}},"2":{"start":{"line":11,"column":26},"end":{"line":16,"column":5}},"3":{"start":{"line":11,"column":37},"end":{"line":16,"column":5}},"4":{"start":{"line":12,"column":8},"end":{"line":15,"column":11}},"5":{"start":{"line":18,"column":31},"end":{"line":33,"column":5}},"6":{"start":{"line":19,"column":8},"end":{"line":22,"column":9}},"7":{"start":{"line":20,"column":12},"end":{"line":20,"column":63}},"8":{"start":{"line":21,"column":12},"end":{"line":21,"column":19}},"9":{"start":{"line":24,"column":8},"end":{"line":32,"column":9}},"10":{"start":{"line":25,"column":28},"end":{"line":25,"column":39}},"11":{"start":{"line":26,"column":12},"end":{"line":26,"column":44}},"12":{"start":{"line":28,"column":12},"end":{"line":28,"column":38}},"13":{"start":{"line":29,"column":12},"end":{"line":29,"column":31}},"14":{"start":{"line":31,"column":12},"end":{"line":31,"column":29}},"15":{"start":{"line":35,"column":4},"end":{"line":82,"column":6}}},"fnMap":{"0":{"name":"Registration","decl":{"start":{"line":7,"column":9},"end":{"line":7,"column":21}},"loc":{"start":{"line":7,"column":24},"end":{"line":83,"column":1}},"line":7},"1":{"name":"(anonymous_1)","decl":{"start":{"line":11,"column":26},"end":{"line":11,"column":27}},"loc":{"start":{"line":11,"column":37},"end":{"line":16,"column":5}},"line":11},"2":{"name":"(anonymous_2)","decl":{"start":{"line":11,"column":37},"end":{"line":11,"column":38}},"loc":{"start":{"line":11,"column":64},"end":{"line":16,"column":5}},"line":11},"3":{"name":"(anonymous_3)","decl":{"start":{"line":18,"column":31},"end":{"line":18,"column":32}},"loc":{"start":{"line":18,"column":43},"end":{"line":33,"column":5}},"line":18}},"branchMap":{"0":{"loc":{"start":{"line":19,"column":8},"end":{"line":22,"column":9}},"type":"if","locations":[{"start":{"line":19,"column":8},"end":{"line":22,"column":9}},{"start":{},"end":{}}],"line":19}},"s":{"0":0,"1":0,"2":0,"3":0,"4":0,"5":0,"6":0,"7":0,"8":0,"9":0,"10":0,"11":0,"12":0,"13":0,"14":0,"15":0},"f":{"0":0,"1":0,"2":0,"3":0},"b":{"0":[0,0]}}
,"/Users/apple/labs/WEB/articles_frontend/src/screens/usersManagement.jsx": {"path":"/Users/apple/labs/WEB/articles_frontend/src/screens/usersManagement.jsx","statementMap":{"0":{"start":{"line":10,"column":34},"end":{"line":10,"column":49}},"1":{"start":{"line":11,"column":30},"end":{"line":11,"column":42}},"2":{"start":{"line":12,"column":44},"end":{"line":12,"column":58}},"3":{"start":{"line":14,"column":22},"end":{"line":24,"column":5}},"4":{"start":{"line":15,"column":8},"end":{"line":15,"column":25}},"5":{"start":{"line":16,"column":8},"end":{"line":23,"column":9}},"6":{"start":{"line":17,"column":24},"end":{"line":17,"column":40}},"7":{"start":{"line":18,"column":12},"end":{"line":18,"column":31}},"8":{"start":{"line":20,"column":12},"end":{"line":20,"column":29}},"9":{"start":{"line":22,"column":12},"end":{"line":22,"column":30}},"10":{"start":{"line":26,"column":4},"end":{"line":28,"column":11}},"11":{"start":{"line":27,"column":8},"end":{"line":27,"column":20}},"12":{"start":{"line":30,"column":25},"end":{"line":30,"column":56}},"13":{"start":{"line":30,"column":35},"end":{"line":30,"column":56}},"14":{"start":{"line":32,"column":30},"end":{"line":34,"column":5}},"15":{"start":{"line":33,"column":8},"end":{"line":33,"column":20}},"16":{"start":{"line":36,"column":31},"end":{"line":38,"column":5}},"17":{"start":{"line":37,"column":8},"end":{"line":37,"column":30}},"18":{"start":{"line":40,"column":27},"end":{"line":42,"column":5}},"19":{"start":{"line":41,"column":8},"end":{"line":41,"column":91}},"20":{"start":{"line":44,"column":4},"end":{"line":62,"column":6}}},"fnMap":{"0":{"name":"UsersManagement","decl":{"start":{"line":9,"column":9},"end":{"line":9,"column":24}},"loc":{"start":{"line":9,"column":27},"end":{"line":63,"column":1}},"line":9},"1":{"name":"(anonymous_1)","decl":{"start":{"line":14,"column":22},"end":{"line":14,"column":23}},"loc":{"start":{"line":14,"column":34},"end":{"line":24,"column":5}},"line":14},"2":{"name":"(anonymous_2)","decl":{"start":{"line":26,"column":14},"end":{"line":26,"column":15}},"loc":{"start":{"line":26,"column":20},"end":{"line":28,"column":5}},"line":26},"3":{"name":"(anonymous_3)","decl":{"start":{"line":30,"column":25},"end":{"line":30,"column":26}},"loc":{"start":{"line":30,"column":35},"end":{"line":30,"column":56}},"line":30},"4":{"name":"(anonymous_4)","decl":{"start":{"line":32,"column":30},"end":{"line":32,"column":31}},"loc":{"start":{"line":32,"column":36},"end":{"line":34,"column":5}},"line":32},"5":{"name":"(anonymous_5)","decl":{"start":{"line":36,"column":31},"end":{"line":36,"column":32}},"loc":{"start":{"line":36,"column":37},"end":{"line":38,"column":5}},"line":36},"6":{"name":"(anonymous_6)","decl":{"start":{"line":40,"column":27},"end":{"line":40,"column":28}},"loc":{"start":{"line":41,"column":8},"end":{"line":41,"column":91}},"line":41}},"branchMap":{"0":{"loc":{"start":{"line":48,"column":21},"end":{"line":48,"column":76}},"type":"cond-expr","locations":[{"start":{"line":48,"column":31},"end":{"line":48,"column":48}},{"start":{"line":48,"column":51},"end":{"line":48,"column":76}}],"line":48},"1":{"loc":{"start":{"line":51,"column":21},"end":{"line":57,"column":21}},"type":"binary-expr","locations":[{"start":{"line":51,"column":21},"end":{"line":51,"column":33}},{"start":{"line":52,"column":24},"end":{"line":56,"column":26}}],"line":51}},"s":{"0":0,"1":0,"2":0,"3":0,"4":0,"5":0,"6":0,"7":0,"8":0,"9":0,"10":0,"11":0,"12":0,"13":0,"14":0,"15":0,"16":0,"17":0,"18":0,"19":0,"20":0},"f":{"0":0,"1":0,"2":0,"3":0,"4":0,"5":0,"6":0},"b":{"0":[0,0],"1":[0,0]}}
,"/Users/apple/labs/WEB/articles_frontend/src/utils/firebase.js": {"path":"/Users/apple/labs/WEB/articles_frontend/src/utils/firebase.js","statementMap":{"0":{"start":{"line":4,"column":23},"end":{"line":12,"column":1}},"1":{"start":{"line":14,"column":12},"end":{"line":14,"column":41}},"2":{"start":{"line":17,"column":23},"end":{"line":17,"column":38}}},"fnMap":{},"branchMap":{},"s":{"0":0,"1":0,"2":0},"f":{},"b":{}}
,"/Users/apple/labs/WEB/articles_frontend/src/utils/hashToken.js": {"path":"/Users/apple/labs/WEB/articles_frontend/src/utils/hashToken.js","statementMap":{"0":{"start":{"line":1,"column":21},"end":{"line":1,"column":92}},"1":{"start":{"line":1,"column":46},"end":{"line":1,"column":92}}},"fnMap":{"0":{"name":"(anonymous_0)","decl":{"start":{"line":1,"column":21},"end":{"line":1,"column":22}},"loc":{"start":{"line":1,"column":46},"end":{"line":1,"column":92}},"line":1}},"branchMap":{},"s":{"0":0,"1":0},"f":{"0":0},"b":{}}
,"/Users/apple/labs/WEB/articles_frontend/src/utils/types.js": {"path":"/Users/apple/labs/WEB/articles_frontend/src/utils/types.js","statementMap":{"0":{"start":{"line":3,"column":22},"end":{"line":12,"column":2}},"1":{"start":{"line":14,"column":24},"end":{"line":21,"column":2}},"2":{"start":{"line":23,"column":28},"end":{"line":33,"column":2}}},"fnMap":{},"branchMap":{},"s":{"0":4,"1":4,"2":4},"f":{},"b":{},"_coverageSchema":"1a1c01bbd47fc00a2c39e90264f33305004495a9","hash":"a4f0119552cc8c9cb1163fb085ff07deacd000fd"}
}
